<?xml version="1.0" encoding="UTF-8"?>
<testng-results skipped="0" failed="0" ignored="0" total="1" passed="1">
  <reporter-output>
  </reporter-output>
  <suite name="Default suite" duration-ms="14682" started-at="2018-12-02T04:54:52Z" finished-at="2018-12-02T04:55:06Z">
    <groups>
      <group name="cucumber">
        <method signature="AbstractTestNGCucumberTests.feature(cucumber.api.testng.CucumberFeatureWrapper)[pri:0, instance:BDDFramework.testng_Cucumber.TestRunner@204f30ec]" name="feature" class="cucumber.api.testng.AbstractTestNGCucumberTests"/>
      </group> <!-- cucumber -->
    </groups>
    <test name="Default test" duration-ms="14682" started-at="2018-12-02T04:54:52Z" finished-at="2018-12-02T04:55:06Z">
      <class name="BDDFramework.testng_Cucumber.TestRunner">
        <test-method status="PASS" signature="setUpClass()[pri:0, instance:BDDFramework.testng_Cucumber.TestRunner@204f30ec]" name="setUpClass" is-config="true" duration-ms="349" started-at="2018-12-02T04:54:52Z" finished-at="2018-12-02T04:54:52Z">
          <reporter-output>
          </reporter-output>
        </test-method> <!-- setUpClass -->
        <test-method status="PASS" signature="feature(cucumber.api.testng.CucumberFeatureWrapper)[pri:0, instance:BDDFramework.testng_Cucumber.TestRunner@204f30ec]" name="feature" duration-ms="14192" started-at="2018-12-02T04:54:52Z" description="Runs Cucumber Feature" data-provider="features" finished-at="2018-12-02T04:55:06Z">
          <params>
            <param index="0">
              <value>
                <![CDATA[Verify Search bar present]]>
              </value>
            </param>
          </params>
          <reporter-output>
          </reporter-output>
        </test-method> <!-- feature -->
        <test-method status="PASS" signature="tearDownClass()[pri:0, instance:BDDFramework.testng_Cucumber.TestRunner@204f30ec]" name="tearDownClass" is-config="true" duration-ms="11" started-at="2018-12-02T04:55:06Z" finished-at="2018-12-02T04:55:06Z">
          <reporter-output>
          </reporter-output>
        </test-method> <!-- tearDownClass -->
      </class> <!-- BDDFramework.testng_Cucumber.TestRunner -->
    </test> <!-- Default test -->
  </suite> <!-- Default suite -->
</testng-results>
